<?xml version="1.0" encoding="UTF-8"?>
<!-- Generated by org.testng.reporters.JUnitXMLReporter -->
<testsuite ignored="0" hostname="Kaustubh" failures="2" tests="3" name="Surefire test" time="9.582" errors="0" timestamp="2023-12-19T23:38:04 IST">
  <testcase classname="automationFramework.tests.submitOrderTest" name="submitOrder" time="0.97">
    <failure type="java.lang.NullPointerException" message="Cannot invoke &amp;quot;org.openqa.selenium.WebElement.findElement(org.openqa.selenium.By)&amp;quot; because &amp;quot;prod&amp;quot; is null">
      <![CDATA[java.lang.NullPointerException: Cannot invoke "org.openqa.selenium.WebElement.findElement(org.openqa.selenium.By)" because "prod" is null
at automationFramework.pageobjects.ProductCatalogue.addToCart(ProductCatalogue.java:50)
at automationFramework.tests.submitOrderTest.submitOrder(submitOrderTest.java:29)
at java.base/java.util.ArrayList.forEach(ArrayList.java:1511)
... Removed 32 stack frames]]>
    </failure>
  </testcase> <!-- submitOrder -->
  <testcase classname="automationFramework.tests.submitOrderTest" name="submitOrder" time="0.804">
    <failure type="java.lang.NullPointerException" message="Cannot invoke &amp;quot;org.openqa.selenium.WebElement.findElement(org.openqa.selenium.By)&amp;quot; because &amp;quot;prod&amp;quot; is null">
      <![CDATA[java.lang.NullPointerException: Cannot invoke "org.openqa.selenium.WebElement.findElement(org.openqa.selenium.By)" because "prod" is null
at automationFramework.pageobjects.ProductCatalogue.addToCart(ProductCatalogue.java:50)
at automationFramework.tests.submitOrderTest.submitOrder(submitOrderTest.java:29)
at java.base/java.util.ArrayList.forEach(ArrayList.java:1511)
... Removed 32 stack frames]]>
    </failure>
  </testcase> <!-- submitOrder -->
  <testcase classname="automationFramework.tests.submitOrderTest" name="orderHistoryCheck" time="0.0">
    <skipped/>
  </testcase> <!-- orderHistoryCheck -->
</testsuite> <!-- Surefire test -->
